<?xml version="1.0" encoding="UTF-8"?>
<testng-results skipped="0" failed="0" ignored="0" total="1" passed="1">
  <reporter-output>
  </reporter-output>
  <suite name="Default suite" duration-ms="124837" started-at="2019-05-31T12:00:20Z" finished-at="2019-05-31T12:02:25Z">
    <groups>
    </groups>
    <test name="Default test" duration-ms="124837" started-at="2019-05-31T12:00:20Z" finished-at="2019-05-31T12:02:25Z">
      <class name="com.XBP.test.FixedDayFixedAmount">
        <test-method status="PASS" signature="setUp()[pri:0, instance:com.XBP.test.FixedDayFixedAmount@53b32d7]" name="setUp" is-config="true" duration-ms="17032" started-at="2019-05-31T12:00:20Z" finished-at="2019-05-31T12:00:37Z">
          <reporter-output>
          </reporter-output>
        </test-method> <!-- setUp -->
        <test-method status="PASS" signature="FixedDayFixedAmountAutoPay()[pri:1, instance:com.XBP.test.FixedDayFixedAmount@53b32d7]" name="FixedDayFixedAmountAutoPay" duration-ms="106812" started-at="2019-05-31T12:00:37Z" finished-at="2019-05-31T12:02:24Z">
          <reporter-output>
          </reporter-output>
        </test-method> <!-- FixedDayFixedAmountAutoPay -->
        <test-method status="PASS" signature="tearDown()[pri:0, instance:com.XBP.test.FixedDayFixedAmount@53b32d7]" name="tearDown" is-config="true" duration-ms="959" started-at="2019-05-31T12:02:24Z" finished-at="2019-05-31T12:02:25Z">
          <reporter-output>
          </reporter-output>
        </test-method> <!-- tearDown -->
      </class> <!-- com.XBP.test.FixedDayFixedAmount -->
    </test> <!-- Default test -->
  </suite> <!-- Default suite -->
</testng-results>
